<?xml version="1.0" encoding="UTF-8"?>
<!-- Generated by org.testng.reporters.JUnitReportReporter -->
<testsuite skipped="0" hostname="MDVLIDRIS" name="flockClient.settingDropDown" tests="1" failures="0" timestamp="09 Aug 2017 07:12:51 GMT" time="0.008" errors="0">
  <testcase name="f" time="0.008" classname="flockClient.settingDropDown"/>
</testsuite> <!-- flockClient.settingDropDown -->
