<?xml version="1.0" encoding="UTF-8"?>
<!-- Generated by org.testng.reporters.JUnitReportReporter -->
<testsuite skipped="0" hostname="MDVLFARZANS" name="flockClient.startChat" tests="2" failures="0" timestamp="23 Jun 2017 10:48:50 GMT" time="106.276" errors="0">
  <testcase name="f" time="63.347" classname="flockClient.startChat"/>
  <testcase name="f" time="42.929" classname="flockClient.startChat"/>
</testsuite> <!-- flockClient.startChat -->
