<?xml version="1.0" encoding="UTF-8"?>
<!-- Generated by org.testng.reporters.JUnitReportReporter -->
<testsuite skipped="0" hostname="MDVLFARZANS" name="SignIn.FlockSignInQuick" tests="2" failures="0" timestamp="21 Jun 2017 07:50:51 GMT" time="21.972" errors="0">
  <testcase name="SignIn" time="15.491" classname="SignIn.FlockSignInQuick"/>
  <testcase name="SignIn" time="6.481" classname="SignIn.FlockSignInQuick"/>
</testsuite> <!-- SignIn.FlockSignInQuick -->
