<?xml version="1.0" encoding="UTF-8"?>
<!-- Generated by org.testng.reporters.JUnitReportReporter -->
<testsuite skipped="0" hostname="MDVLFARZANS" name="flockClient.startChat" tests="2" failures="0" timestamp="18 Jul 2017 13:31:51 GMT" time="111.874" errors="0">
  <testcase name="f" time="31.759" classname="flockClient.startChat"/>
  <testcase name="f" time="80.115" classname="flockClient.startChat"/>
</testsuite> <!-- flockClient.startChat -->
