<?xml version="1.0" encoding="UTF-8"?>
<!-- Generated by org.testng.reporters.JUnitReportReporter -->
<testsuite skipped="0" hostname="MDVLIDRIS" name="flockClient.settingDropDown" tests="2" failures="0" timestamp="11 Aug 2017 12:23:00 GMT" time="13.267" errors="0">
  <testcase name="DND" time="9.243" classname="flockClient.settingDropDown"/>
  <testcase name="notificationPreference" time="4.024" classname="flockClient.settingDropDown"/>
</testsuite> <!-- flockClient.settingDropDown -->
