<?xml version="1.0" encoding="UTF-8"?>
<!-- Generated by org.testng.reporters.JUnitReportReporter -->
<testsuite skipped="0" hostname="MDVLFARZANS" name="flockClient.searchPlus" tests="1" failures="0" timestamp="03 Aug 2017 06:31:10 GMT" time="4.044" errors="0">
  <testcase name="searchPlusChannelOption" time="4.044" classname="flockClient.searchPlus"/>
</testsuite> <!-- flockClient.searchPlus -->
