<?xml version="1.0" encoding="UTF-8"?>
<!-- Generated by org.testng.reporters.JUnitReportReporter -->
<testsuite skipped="0" hostname="MDVLFARZANS" name="flockClient.inviteContacts" tests="1" failures="0" timestamp="10 Aug 2017 13:53:58 GMT" time="0.405" errors="0">
  <testcase name="appMenuInvite" time="0.405" classname="flockClient.inviteContacts"/>
</testsuite> <!-- flockClient.inviteContacts -->
