<?xml version="1.0" encoding="UTF-8"?>
<!-- Generated by org.testng.reporters.JUnitReportReporter -->
<testsuite skipped="0" hostname="MDVLFARZANS" name="flockClient.searchPlus" tests="3" failures="0" timestamp="09 Aug 2017 11:39:45 GMT" time="10.542" errors="0">
  <testcase name="searchPlusChannelOption" time="2.955" classname="flockClient.searchPlus"/>
  <testcase name="searchPlusInviteOption" time="3.864" classname="flockClient.searchPlus"/>
  <testcase name="searchPlusJoinChannelOption" time="3.723" classname="flockClient.searchPlus"/>
</testsuite> <!-- flockClient.searchPlus -->
