<?xml version="1.0" encoding="UTF-8"?>
<!-- Generated by org.testng.reporters.JUnitReportReporter -->
<testsuite skipped="0" hostname="MDVLFARZANS" name="SignIn.FlockSignInQuick" tests="2" failures="0" timestamp="02 Aug 2017 12:26:48 GMT" time="5.354" errors="0">
  <testcase name="SignIn" time="2.477" classname="SignIn.FlockSignInQuick"/>
  <testcase name="SignIn" time="2.877" classname="SignIn.FlockSignInQuick"/>
</testsuite> <!-- SignIn.FlockSignInQuick -->
