<?xml version="1.0" encoding="UTF-8"?>
<!-- Generated by org.testng.reporters.JUnitReportReporter -->
<testsuite skipped="0" hostname="MDVLFARZANS" name="flockClient.startChat" tests="2" failures="0" timestamp="18 Jul 2017 09:24:07 GMT" time="106.739" errors="0">
  <testcase name="f" time="29.866" classname="flockClient.startChat"/>
  <testcase name="f" time="76.873" classname="flockClient.startChat"/>
</testsuite> <!-- flockClient.startChat -->
