<?xml version="1.0" encoding="UTF-8"?>
<!-- Generated by org.testng.reporters.JUnitReportReporter -->
<testsuite skipped="0" hostname="MDVLFARZANS" name="SignIn.FlockSignInQuick" tests="2" failures="0" timestamp="27 Jun 2017 11:14:00 GMT" time="21.129" errors="0">
  <testcase name="SignIn" time="5.138" classname="SignIn.FlockSignInQuick"/>
  <testcase name="SignIn" time="15.991" classname="SignIn.FlockSignInQuick"/>
</testsuite> <!-- SignIn.FlockSignInQuick -->
