<?xml version="1.0" encoding="UTF-8"?>
<!-- Generated by org.testng.reporters.JUnitReportReporter -->
<testsuite skipped="0" hostname="MDVLIDRIS" name="flockClient.settingDropDown" tests="1" failures="0" timestamp="09 Aug 2017 12:41:51 GMT" time="12.880" errors="0">
  <testcase name="DND" time="12.880" classname="flockClient.settingDropDown"/>
</testsuite> <!-- flockClient.settingDropDown -->
