<?xml version="1.0" encoding="UTF-8"?>
<!-- Generated by org.testng.reporters.JUnitReportReporter -->
<testsuite skipped="0" hostname="MDVLFARZANS" name="flockClient.startChat" tests="2" failures="0" timestamp="20 Jul 2017 13:58:16 GMT" time="129.937" errors="0">
  <testcase name="testMethod" time="49.750" classname="flockClient.startChat"/>
  <testcase name="testMethod" time="80.187" classname="flockClient.startChat"/>
</testsuite> <!-- flockClient.startChat -->
