<?xml version="1.0" encoding="UTF-8"?>
<!-- Generated by org.testng.reporters.JUnitReportReporter -->
<testsuite skipped="0" hostname="MDVLFARZANS" name="flockClient.startChat" tests="2" failures="0" timestamp="11 Jul 2017 12:48:45 GMT" time="90.126" errors="0">
  <testcase name="f" time="34.650" classname="flockClient.startChat"/>
  <testcase name="f" time="55.476" classname="flockClient.startChat"/>
</testsuite> <!-- flockClient.startChat -->
