<?xml version="1.0" encoding="UTF-8"?>
<!-- Generated by org.testng.reporters.JUnitReportReporter -->
<testsuite skipped="0" hostname="MDVLFARZANS" name="flockClient.startChat" tests="2" failures="0" timestamp="13 Jul 2017 12:40:08 GMT" time="122.051" errors="0">
  <testcase name="f" time="40.525" classname="flockClient.startChat"/>
  <testcase name="f" time="81.526" classname="flockClient.startChat"/>
</testsuite> <!-- flockClient.startChat -->
