<?xml version="1.0" encoding="UTF-8"?>
<!-- Generated by org.testng.reporters.JUnitReportReporter -->
<testsuite skipped="0" hostname="MDVLFARZANS" name="flockClient.searchPlus" tests="1" failures="0" timestamp="22 Jul 2017 11:25:21 GMT" time="85.459" errors="0">
  <testcase name="testMethod" time="85.459" classname="flockClient.searchPlus"/>
</testsuite> <!-- flockClient.searchPlus -->
