<?xml version="1.0" encoding="UTF-8"?>
<!-- Generated by org.testng.reporters.JUnitReportReporter -->
<testsuite skipped="0" hostname="MDVLFARZANS" name="flockClient.startChat" tests="1" failures="0" timestamp="22 Jul 2017 11:01:24 GMT" time="78.503" errors="0">
  <testcase name="testMethod" time="78.503" classname="flockClient.startChat"/>
</testsuite> <!-- flockClient.startChat -->
