<?xml version="1.0" encoding="UTF-8"?>
<!-- Generated by org.testng.reporters.JUnitReportReporter -->
<testsuite skipped="0" hostname="MDVLFARZANS" name="SignIn.FlockSignInDetailed" tests="62" failures="0" timestamp="27 Jun 2017 11:22:17 GMT" time="102.747" errors="0">
  <testcase name="windowTitle" time="0.750" classname="SignIn.FlockSignInDetailed"/>
  <testcase name="windowTitle" time="2.973" classname="SignIn.FlockSignInDetailed"/>
  <testcase name="languageSwitcher" time="6.659" classname="SignIn.FlockSignInDetailed"/>
  <testcase name="languageSwitcher" time="0.970" classname="SignIn.FlockSignInDetailed"/>
  <testcase name="Heading" time="0.581" classname="SignIn.FlockSignInDetailed"/>
  <testcase name="Heading" time="0.730" classname="SignIn.FlockSignInDetailed"/>
  <testcase name="contactSupport" time="11.778" classname="SignIn.FlockSignInDetailed"/>
  <testcase name="contactSupport" time="22.282" classname="SignIn.FlockSignInDetailed"/>
  <testcase name="subHeading" time="0.152" classname="SignIn.FlockSignInDetailed"/>
  <testcase name="subHeading" time="1.224" classname="SignIn.FlockSignInDetailed"/>
  <testcase name="emailPlaceHolder" time="0.837" classname="SignIn.FlockSignInDetailed"/>
  <testcase name="emailPlaceHolder" time="0.144" classname="SignIn.FlockSignInDetailed"/>
  <testcase name="loginButton" time="1.769" classname="SignIn.FlockSignInDetailed"/>
  <testcase name="loginButton" time="0.726" classname="SignIn.FlockSignInDetailed"/>
  <testcase name="onbaordingSideBar" time="0.038" classname="SignIn.FlockSignInDetailed"/>
  <testcase name="onbaordingSideBar" time="0.309" classname="SignIn.FlockSignInDetailed"/>
  <testcase name="emailFieldErrorMessage" time="1.068" classname="SignIn.FlockSignInDetailed"/>
  <testcase name="emailFieldErrorMessage" time="0.718" classname="SignIn.FlockSignInDetailed"/>
  <testcase name="emailFieldErrorMessage" time="0.816" classname="SignIn.FlockSignInDetailed"/>
  <testcase name="emailFieldErrorMessage" time="0.473" classname="SignIn.FlockSignInDetailed"/>
  <testcase name="emailFieldErrorMessage" time="0.560" classname="SignIn.FlockSignInDetailed"/>
  <testcase name="emailFieldErrorMessage" time="1.503" classname="SignIn.FlockSignInDetailed"/>
  <testcase name="enterEmail" time="0.595" classname="SignIn.FlockSignInDetailed"/>
  <testcase name="enterEmail" time="1.056" classname="SignIn.FlockSignInDetailed"/>
  <testcase name="googleAuthHeading" time="1.574" classname="SignIn.FlockSignInDetailed"/>
  <testcase name="googleAuthHeading" time="0.971" classname="SignIn.FlockSignInDetailed"/>
  <testcase name="googleAuthButton" time="0.182" classname="SignIn.FlockSignInDetailed"/>
  <testcase name="googleAuthSkipButton" time="0.134" classname="SignIn.FlockSignInDetailed"/>
  <testcase name="googleAuthSubHeading" time="0.148" classname="SignIn.FlockSignInDetailed"/>
  <testcase name="googleAuthButton" time="0.281" classname="SignIn.FlockSignInDetailed"/>
  <testcase name="googleAuthSubHeading" time="0.372" classname="SignIn.FlockSignInDetailed"/>
  <testcase name="googleAuthSkipButton" time="0.665" classname="SignIn.FlockSignInDetailed"/>
  <testcase name="googleAuthNote" time="0.245" classname="SignIn.FlockSignInDetailed"/>
  <testcase name="googleAuthNote" time="0.160" classname="SignIn.FlockSignInDetailed"/>
  <testcase name="clickSkipGoogleAuth" time="0.544" classname="SignIn.FlockSignInDetailed"/>
  <testcase name="clickSkipGoogleAuth" time="0.236" classname="SignIn.FlockSignInDetailed"/>
  <testcase name="otpHeading" time="0.257" classname="SignIn.FlockSignInDetailed"/>
  <testcase name="otpHeading" time="0.850" classname="SignIn.FlockSignInDetailed"/>
  <testcase name="otpSubHeading" time="0.172" classname="SignIn.FlockSignInDetailed"/>
  <testcase name="otpSubHeading" time="0.341" classname="SignIn.FlockSignInDetailed"/>
  <testcase name="otpPlaceHolder" time="0.121" classname="SignIn.FlockSignInDetailed"/>
  <testcase name="otpPlaceHolder" time="0.206" classname="SignIn.FlockSignInDetailed"/>
  <testcase name="resendOtpText" time="0.427" classname="SignIn.FlockSignInDetailed"/>
  <testcase name="resendOtpText" time="0.143" classname="SignIn.FlockSignInDetailed"/>
  <testcase name="resendOtpHook" time="0.157" classname="SignIn.FlockSignInDetailed"/>
  <testcase name="resendOtpHook" time="0.610" classname="SignIn.FlockSignInDetailed"/>
  <testcase name="resendOtpHookClicked" time="0.800" classname="SignIn.FlockSignInDetailed"/>
  <testcase name="resendOtpHookClicked" time="0.341" classname="SignIn.FlockSignInDetailed"/>
  <testcase name="checkEditButton" time="5.798" classname="SignIn.FlockSignInDetailed"/>
  <testcase name="checkEditButton" time="6.502" classname="SignIn.FlockSignInDetailed"/>
  <testcase name="verifyButton" time="0.178" classname="SignIn.FlockSignInDetailed"/>
  <testcase name="verifyButton" time="0.219" classname="SignIn.FlockSignInDetailed"/>
  <testcase name="otpErrorMessage" time="2.579" classname="SignIn.FlockSignInDetailed"/>
  <testcase name="otpErrorMessage" time="2.736" classname="SignIn.FlockSignInDetailed"/>
  <testcase name="otpErrorMessage" time="2.626" classname="SignIn.FlockSignInDetailed"/>
  <testcase name="otpErrorMessage" time="2.415" classname="SignIn.FlockSignInDetailed"/>
  <testcase name="otpErrorMessage" time="2.617" classname="SignIn.FlockSignInDetailed"/>
  <testcase name="otpErrorMessage" time="2.377" classname="SignIn.FlockSignInDetailed"/>
  <testcase name="otpErrorMessage1" time="2.756" classname="SignIn.FlockSignInDetailed"/>
  <testcase name="otpErrorMessage1" time="2.535" classname="SignIn.FlockSignInDetailed"/>
  <testcase name="enterOTP" time="0.325" classname="SignIn.FlockSignInDetailed"/>
  <testcase name="enterOTP" time="0.436" classname="SignIn.FlockSignInDetailed"/>
</testsuite> <!-- SignIn.FlockSignInDetailed -->
