<?xml version="1.0" encoding="UTF-8"?>
<!-- Generated by org.testng.reporters.JUnitReportReporter -->
<testsuite skipped="0" hostname="MDVLIDRIS" name="flockClient.searchPlus" tests="1" failures="0" timestamp="10 Aug 2017 13:31:43 GMT" time="2.590" errors="0">
  <testcase name="searchPlusChannelOption" time="2.590" classname="flockClient.searchPlus"/>
</testsuite> <!-- flockClient.searchPlus -->
