<?xml version="1.0" encoding="UTF-8"?>
<!-- Generated by org.testng.reporters.JUnitReportReporter -->
<testsuite skipped="0" hostname="MDVLFARZANS" name="SignIn.FlockSignIn" tests="31" failures="0" timestamp="15 Jun 2017 12:12:09 GMT" time="36.455" errors="0">
  <testcase name="windowTitle" time="0.032" classname="SignIn.FlockSignIn"/>
  <testcase name="languageSwitcher" time="1.601" classname="SignIn.FlockSignIn"/>
  <testcase name="Heading" time="0.481" classname="SignIn.FlockSignIn"/>
  <testcase name="contactSupport" time="11.360" classname="SignIn.FlockSignIn"/>
  <testcase name="subHeading" time="0.261" classname="SignIn.FlockSignIn"/>
  <testcase name="emailPlaceHolder" time="0.147" classname="SignIn.FlockSignIn"/>
  <testcase name="loginButton" time="0.152" classname="SignIn.FlockSignIn"/>
  <testcase name="onbaordingSideBar" time="0.083" classname="SignIn.FlockSignIn"/>
  <testcase name="errorMessage" time="0.763" classname="SignIn.FlockSignIn"/>
  <testcase name="errorMessage" time="1.043" classname="SignIn.FlockSignIn"/>
  <testcase name="errorMessage" time="0.523" classname="SignIn.FlockSignIn"/>
  <testcase name="enterEmail" time="0.553" classname="SignIn.FlockSignIn"/>
  <testcase name="googleAuthHeading" time="1.193" classname="SignIn.FlockSignIn"/>
  <testcase name="googleAuthButton" time="0.131" classname="SignIn.FlockSignIn"/>
  <testcase name="googleAuthSubHeading" time="0.232" classname="SignIn.FlockSignIn"/>
  <testcase name="googleAuthSkipButton" time="0.144" classname="SignIn.FlockSignIn"/>
  <testcase name="googleAuthNote" time="0.297" classname="SignIn.FlockSignIn"/>
  <testcase name="clickSkipGoogleAuth" time="0.263" classname="SignIn.FlockSignIn"/>
  <testcase name="otpHeading" time="0.206" classname="SignIn.FlockSignIn"/>
  <testcase name="otpSubHeading" time="0.188" classname="SignIn.FlockSignIn"/>
  <testcase name="otpPlaceHolder" time="0.126" classname="SignIn.FlockSignIn"/>
  <testcase name="resendOtpText" time="0.136" classname="SignIn.FlockSignIn"/>
  <testcase name="resendOtpHook" time="0.151" classname="SignIn.FlockSignIn"/>
  <testcase name="resendOtpHookClicked" time="0.380" classname="SignIn.FlockSignIn"/>
  <testcase name="verifyButton" time="0.136" classname="SignIn.FlockSignIn"/>
  <testcase name="checkEditButton" time="5.794" classname="SignIn.FlockSignIn"/>
  <testcase name="otpErrorMessage" time="2.500" classname="SignIn.FlockSignIn"/>
  <testcase name="otpErrorMessage" time="2.391" classname="SignIn.FlockSignIn"/>
  <testcase name="otpErrorMessage" time="2.382" classname="SignIn.FlockSignIn"/>
  <testcase name="otpErrorMessage1" time="2.449" classname="SignIn.FlockSignIn"/>
  <testcase name="enterOTP" time="0.357" classname="SignIn.FlockSignIn"/>
</testsuite> <!-- SignIn.FlockSignIn -->
