<?xml version="1.0" encoding="UTF-8"?>
<!-- Generated by org.testng.reporters.JUnitReportReporter -->
<testsuite skipped="0" hostname="MDVLFARZANS" name="SignIn.FlockSignIn" tests="31" failures="0" timestamp="19 Jun 2017 07:32:21 GMT" time="40.793" errors="0">
  <testcase name="windowTitle" time="0.045" classname="SignIn.FlockSignIn"/>
  <testcase name="languageSwitcher" time="1.029" classname="SignIn.FlockSignIn"/>
  <testcase name="Heading" time="3.056" classname="SignIn.FlockSignIn"/>
  <testcase name="contactSupport" time="9.596" classname="SignIn.FlockSignIn"/>
  <testcase name="subHeading" time="0.172" classname="SignIn.FlockSignIn"/>
  <testcase name="emailPlaceHolder" time="0.197" classname="SignIn.FlockSignIn"/>
  <testcase name="loginButton" time="0.135" classname="SignIn.FlockSignIn"/>
  <testcase name="onbaordingSideBar" time="0.052" classname="SignIn.FlockSignIn"/>
  <testcase name="errorMessage" time="0.311" classname="SignIn.FlockSignIn"/>
  <testcase name="errorMessage" time="0.293" classname="SignIn.FlockSignIn"/>
  <testcase name="errorMessage" time="0.541" classname="SignIn.FlockSignIn"/>
  <testcase name="enterEmail" time="0.255" classname="SignIn.FlockSignIn"/>
  <testcase name="googleAuthHeading" time="1.434" classname="SignIn.FlockSignIn"/>
  <testcase name="googleAuthButton" time="0.170" classname="SignIn.FlockSignIn"/>
  <testcase name="googleAuthSubHeading" time="0.122" classname="SignIn.FlockSignIn"/>
  <testcase name="googleAuthSkipButton" time="0.154" classname="SignIn.FlockSignIn"/>
  <testcase name="googleAuthNote" time="0.152" classname="SignIn.FlockSignIn"/>
  <testcase name="clickSkipGoogleAuth" time="0.187" classname="SignIn.FlockSignIn"/>
  <testcase name="otpHeading" time="0.216" classname="SignIn.FlockSignIn"/>
  <testcase name="otpSubHeading" time="0.191" classname="SignIn.FlockSignIn"/>
  <testcase name="otpPlaceHolder" time="0.136" classname="SignIn.FlockSignIn"/>
  <testcase name="resendOtpText" time="0.140" classname="SignIn.FlockSignIn"/>
  <testcase name="resendOtpHook" time="0.103" classname="SignIn.FlockSignIn"/>
  <testcase name="resendOtpHookClicked" time="0.292" classname="SignIn.FlockSignIn"/>
  <testcase name="checkEditButton" time="5.622" classname="SignIn.FlockSignIn"/>
  <testcase name="verifyButton" time="0.120" classname="SignIn.FlockSignIn"/>
  <testcase name="otpErrorMessage" time="2.487" classname="SignIn.FlockSignIn"/>
  <testcase name="otpErrorMessage" time="2.335" classname="SignIn.FlockSignIn"/>
  <testcase name="otpErrorMessage" time="2.349" classname="SignIn.FlockSignIn"/>
  <testcase name="otpErrorMessage1" time="8.713" classname="SignIn.FlockSignIn"/>
  <testcase name="enterOTP" time="0.188" classname="SignIn.FlockSignIn"/>
</testsuite> <!-- SignIn.FlockSignIn -->
