<?xml version="1.0" encoding="UTF-8"?>
<!-- Generated by org.testng.reporters.JUnitReportReporter -->
<testsuite skipped="0" hostname="MDVLFARZANS" name="SignIn.FlockSignIn" tests="31" failures="0" timestamp="15 Jun 2017 10:00:07 GMT" time="79.328" errors="0">
  <testcase name="windowTitle" time="0.189" classname="SignIn.FlockSignIn"/>
  <testcase name="languageSwitcher" time="1.560" classname="SignIn.FlockSignIn"/>
  <testcase name="Heading" time="0.673" classname="SignIn.FlockSignIn"/>
  <testcase name="contactSupport" time="51.041" classname="SignIn.FlockSignIn"/>
  <testcase name="subHeading" time="0.290" classname="SignIn.FlockSignIn"/>
  <testcase name="emailPlaceHolder" time="0.298" classname="SignIn.FlockSignIn"/>
  <testcase name="loginButton" time="0.394" classname="SignIn.FlockSignIn"/>
  <testcase name="onbaordingSideBar" time="0.104" classname="SignIn.FlockSignIn"/>
  <testcase name="errorMessage" time="0.704" classname="SignIn.FlockSignIn"/>
  <testcase name="errorMessage" time="0.558" classname="SignIn.FlockSignIn"/>
  <testcase name="errorMessage" time="0.839" classname="SignIn.FlockSignIn"/>
  <testcase name="enterEmail" time="0.502" classname="SignIn.FlockSignIn"/>
  <testcase name="googleAuthHeading" time="1.125" classname="SignIn.FlockSignIn"/>
  <testcase name="googleAuthSubHeading" time="0.300" classname="SignIn.FlockSignIn"/>
  <testcase name="googleAuthSkipButton" time="0.285" classname="SignIn.FlockSignIn"/>
  <testcase name="googleAuthButton" time="0.303" classname="SignIn.FlockSignIn"/>
  <testcase name="googleAuthNote" time="0.279" classname="SignIn.FlockSignIn"/>
  <testcase name="clickSkipGoogleAuth" time="0.361" classname="SignIn.FlockSignIn"/>
  <testcase name="otpHeading" time="0.497" classname="SignIn.FlockSignIn"/>
  <testcase name="otpSubHeading" time="0.393" classname="SignIn.FlockSignIn"/>
  <testcase name="otpPlaceHolder" time="0.217" classname="SignIn.FlockSignIn"/>
  <testcase name="resendOtpText" time="0.258" classname="SignIn.FlockSignIn"/>
  <testcase name="resendOtpHook" time="0.263" classname="SignIn.FlockSignIn"/>
  <testcase name="resendOtpHookClicked" time="0.821" classname="SignIn.FlockSignIn"/>
  <testcase name="verifyButton" time="0.244" classname="SignIn.FlockSignIn"/>
  <testcase name="checkEditButton" time="5.951" classname="SignIn.FlockSignIn"/>
  <testcase name="otpErrorMessage" time="2.529" classname="SignIn.FlockSignIn"/>
  <testcase name="otpErrorMessage" time="2.710" classname="SignIn.FlockSignIn"/>
  <testcase name="otpErrorMessage" time="2.554" classname="SignIn.FlockSignIn"/>
  <testcase name="otpErrorMessage1" time="2.673" classname="SignIn.FlockSignIn"/>
  <testcase name="enterOTP" time="0.413" classname="SignIn.FlockSignIn"/>
</testsuite> <!-- SignIn.FlockSignIn -->
