<?xml version="1.0" encoding="UTF-8"?>
<!-- Generated by org.testng.reporters.JUnitReportReporter -->
<testsuite skipped="0" hostname="MDVLFARZANS" name="SignIn.FlockSignIn" tests="29" failures="0" timestamp="13 Jun 2017 19:03:11 GMT" time="29.811" errors="0">
  <testcase name="windowTitle" time="0.066" classname="SignIn.FlockSignIn"/>
  <testcase name="Heading" time="2.017" classname="SignIn.FlockSignIn"/>
  <testcase name="contactSupport" time="10.236" classname="SignIn.FlockSignIn"/>
  <testcase name="subHeading" time="0.206" classname="SignIn.FlockSignIn"/>
  <testcase name="emailPlaceHolder" time="0.132" classname="SignIn.FlockSignIn"/>
  <testcase name="submitButton" time="0.122" classname="SignIn.FlockSignIn"/>
  <testcase name="onbaordingSideBar" time="0.036" classname="SignIn.FlockSignIn"/>
  <testcase name="errorMessage" time="0.383" classname="SignIn.FlockSignIn"/>
  <testcase name="errorMessage" time="0.680" classname="SignIn.FlockSignIn"/>
  <testcase name="errorMessage" time="0.435" classname="SignIn.FlockSignIn"/>
  <testcase name="enterEmail" time="0.295" classname="SignIn.FlockSignIn"/>
  <testcase name="googleAuthHeading" time="2.231" classname="SignIn.FlockSignIn"/>
  <testcase name="googleAuthSubHeading" time="0.121" classname="SignIn.FlockSignIn"/>
  <testcase name="googleAuthSkipButton" time="0.114" classname="SignIn.FlockSignIn"/>
  <testcase name="googleAuthButton" time="0.147" classname="SignIn.FlockSignIn"/>
  <testcase name="googleAuthNote" time="0.141" classname="SignIn.FlockSignIn"/>
  <testcase name="clickSkipGoogleAuth" time="0.205" classname="SignIn.FlockSignIn"/>
  <testcase name="otpHeading" time="0.259" classname="SignIn.FlockSignIn"/>
  <testcase name="otpSubHeading" time="0.129" classname="SignIn.FlockSignIn"/>
  <testcase name="otpPlaceHolder" time="0.130" classname="SignIn.FlockSignIn"/>
  <testcase name="resendOtpText" time="0.121" classname="SignIn.FlockSignIn"/>
  <testcase name="resendOtpHook" time="0.173" classname="SignIn.FlockSignIn"/>
  <testcase name="resendOtpHookClicked" time="0.398" classname="SignIn.FlockSignIn"/>
  <testcase name="verifyButton" time="0.213" classname="SignIn.FlockSignIn"/>
  <testcase name="otpErrorMessage" time="2.314" classname="SignIn.FlockSignIn"/>
  <testcase name="otpErrorMessage" time="2.471" classname="SignIn.FlockSignIn"/>
  <testcase name="otpErrorMessage" time="2.473" classname="SignIn.FlockSignIn"/>
  <testcase name="otpErrorMessage1" time="3.396" classname="SignIn.FlockSignIn"/>
  <testcase name="enterOTP" time="0.167" classname="SignIn.FlockSignIn"/>
</testsuite> <!-- SignIn.FlockSignIn -->
