<?xml version="1.0" encoding="UTF-8"?>
<!-- Generated by org.testng.reporters.JUnitReportReporter -->
<testsuite skipped="0" hostname="MDVLFARZANS" name="SignIn.FlockSignIn" tests="31" failures="0" timestamp="14 Jun 2017 18:44:42 GMT" time="36.832" errors="0">
  <testcase name="windowTitle" time="0.068" classname="SignIn.FlockSignIn"/>
  <testcase name="languageSwitcher" time="1.790" classname="SignIn.FlockSignIn"/>
  <testcase name="Heading" time="0.378" classname="SignIn.FlockSignIn"/>
  <testcase name="contactSupport" time="11.762" classname="SignIn.FlockSignIn"/>
  <testcase name="subHeading" time="0.203" classname="SignIn.FlockSignIn"/>
  <testcase name="emailPlaceHolder" time="0.157" classname="SignIn.FlockSignIn"/>
  <testcase name="loginButton" time="0.135" classname="SignIn.FlockSignIn"/>
  <testcase name="onbaordingSideBar" time="0.055" classname="SignIn.FlockSignIn"/>
  <testcase name="errorMessage" time="0.435" classname="SignIn.FlockSignIn"/>
  <testcase name="errorMessage" time="0.552" classname="SignIn.FlockSignIn"/>
  <testcase name="errorMessage" time="0.476" classname="SignIn.FlockSignIn"/>
  <testcase name="enterEmail" time="0.501" classname="SignIn.FlockSignIn"/>
  <testcase name="googleAuthHeading" time="2.075" classname="SignIn.FlockSignIn"/>
  <testcase name="googleAuthSkipButton" time="0.147" classname="SignIn.FlockSignIn"/>
  <testcase name="googleAuthButton" time="0.139" classname="SignIn.FlockSignIn"/>
  <testcase name="googleAuthSubHeading" time="0.124" classname="SignIn.FlockSignIn"/>
  <testcase name="googleAuthNote" time="0.147" classname="SignIn.FlockSignIn"/>
  <testcase name="clickSkipGoogleAuth" time="0.222" classname="SignIn.FlockSignIn"/>
  <testcase name="otpHeading" time="0.195" classname="SignIn.FlockSignIn"/>
  <testcase name="otpSubHeading" time="0.216" classname="SignIn.FlockSignIn"/>
  <testcase name="otpPlaceHolder" time="0.162" classname="SignIn.FlockSignIn"/>
  <testcase name="resendOtpText" time="0.138" classname="SignIn.FlockSignIn"/>
  <testcase name="resendOtpHook" time="0.180" classname="SignIn.FlockSignIn"/>
  <testcase name="resendOtpHookClicked" time="0.551" classname="SignIn.FlockSignIn"/>
  <testcase name="checkEditButton" time="5.694" classname="SignIn.FlockSignIn"/>
  <testcase name="verifyButton" time="0.125" classname="SignIn.FlockSignIn"/>
  <testcase name="otpErrorMessage" time="2.499" classname="SignIn.FlockSignIn"/>
  <testcase name="otpErrorMessage" time="2.352" classname="SignIn.FlockSignIn"/>
  <testcase name="otpErrorMessage" time="2.534" classname="SignIn.FlockSignIn"/>
  <testcase name="otpErrorMessage1" time="2.539" classname="SignIn.FlockSignIn"/>
  <testcase name="enterOTP" time="0.281" classname="SignIn.FlockSignIn"/>
</testsuite> <!-- SignIn.FlockSignIn -->
