<?xml version="1.0" encoding="UTF-8"?>
<!-- Generated by org.testng.reporters.JUnitReportReporter -->
<testsuite skipped="0" hostname="MDVLFARZANS" name="SignIn.FlockSignIn" tests="62" failures="0" timestamp="21 Jun 2017 06:26:52 GMT" time="81.498" errors="0">
  <testcase name="windowTitle" time="0.059" classname="SignIn.FlockSignIn"/>
  <testcase name="windowTitle" time="0.318" classname="SignIn.FlockSignIn"/>
  <testcase name="languageSwitcher" time="10.628" classname="SignIn.FlockSignIn"/>
  <testcase name="languageSwitcher" time="0.169" classname="SignIn.FlockSignIn"/>
  <testcase name="Heading" time="0.656" classname="SignIn.FlockSignIn"/>
  <testcase name="Heading" time="0.451" classname="SignIn.FlockSignIn"/>
  <testcase name="contactSupport" time="10.784" classname="SignIn.FlockSignIn"/>
  <testcase name="contactSupport" time="14.781" classname="SignIn.FlockSignIn"/>
  <testcase name="subHeading" time="0.276" classname="SignIn.FlockSignIn"/>
  <testcase name="subHeading" time="0.237" classname="SignIn.FlockSignIn"/>
  <testcase name="emailPlaceHolder" time="0.182" classname="SignIn.FlockSignIn"/>
  <testcase name="emailPlaceHolder" time="0.217" classname="SignIn.FlockSignIn"/>
  <testcase name="loginButton" time="0.243" classname="SignIn.FlockSignIn"/>
  <testcase name="loginButton" time="0.168" classname="SignIn.FlockSignIn"/>
  <testcase name="onbaordingSideBar" time="0.036" classname="SignIn.FlockSignIn"/>
  <testcase name="onbaordingSideBar" time="0.120" classname="SignIn.FlockSignIn"/>
  <testcase name="emailFieldErrorMessage" time="0.383" classname="SignIn.FlockSignIn"/>
  <testcase name="emailFieldErrorMessage" time="0.812" classname="SignIn.FlockSignIn"/>
  <testcase name="emailFieldErrorMessage" time="0.355" classname="SignIn.FlockSignIn"/>
  <testcase name="emailFieldErrorMessage" time="0.334" classname="SignIn.FlockSignIn"/>
  <testcase name="emailFieldErrorMessage" time="0.326" classname="SignIn.FlockSignIn"/>
  <testcase name="emailFieldErrorMessage" time="0.347" classname="SignIn.FlockSignIn"/>
  <testcase name="enterEmail" time="0.354" classname="SignIn.FlockSignIn"/>
  <testcase name="enterEmail" time="0.269" classname="SignIn.FlockSignIn"/>
  <testcase name="googleAuthHeading" time="1.201" classname="SignIn.FlockSignIn"/>
  <testcase name="googleAuthHeading" time="1.515" classname="SignIn.FlockSignIn"/>
  <testcase name="googleAuthSubHeading" time="0.086" classname="SignIn.FlockSignIn"/>
  <testcase name="googleAuthSubHeading" time="0.137" classname="SignIn.FlockSignIn"/>
  <testcase name="googleAuthSkipButton" time="0.210" classname="SignIn.FlockSignIn"/>
  <testcase name="googleAuthButton" time="0.159" classname="SignIn.FlockSignIn"/>
  <testcase name="googleAuthSkipButton" time="0.088" classname="SignIn.FlockSignIn"/>
  <testcase name="googleAuthButton" time="0.098" classname="SignIn.FlockSignIn"/>
  <testcase name="googleAuthNote" time="0.271" classname="SignIn.FlockSignIn"/>
  <testcase name="googleAuthNote" time="0.108" classname="SignIn.FlockSignIn"/>
  <testcase name="clickSkipGoogleAuth" time="0.155" classname="SignIn.FlockSignIn"/>
  <testcase name="clickSkipGoogleAuth" time="0.228" classname="SignIn.FlockSignIn"/>
  <testcase name="otpHeading" time="0.254" classname="SignIn.FlockSignIn"/>
  <testcase name="otpHeading" time="0.166" classname="SignIn.FlockSignIn"/>
  <testcase name="otpSubHeading" time="0.096" classname="SignIn.FlockSignIn"/>
  <testcase name="otpSubHeading" time="0.129" classname="SignIn.FlockSignIn"/>
  <testcase name="otpPlaceHolder" time="0.123" classname="SignIn.FlockSignIn"/>
  <testcase name="otpPlaceHolder" time="0.092" classname="SignIn.FlockSignIn"/>
  <testcase name="resendOtpText" time="0.100" classname="SignIn.FlockSignIn"/>
  <testcase name="resendOtpText" time="0.128" classname="SignIn.FlockSignIn"/>
  <testcase name="resendOtpHook" time="0.115" classname="SignIn.FlockSignIn"/>
  <testcase name="resendOtpHook" time="0.151" classname="SignIn.FlockSignIn"/>
  <testcase name="resendOtpHookClicked" time="0.552" classname="SignIn.FlockSignIn"/>
  <testcase name="resendOtpHookClicked" time="0.280" classname="SignIn.FlockSignIn"/>
  <testcase name="checkEditButton" time="6.331" classname="SignIn.FlockSignIn"/>
  <testcase name="verifyButton" time="0.206" classname="SignIn.FlockSignIn"/>
  <testcase name="checkEditButton" time="5.785" classname="SignIn.FlockSignIn"/>
  <testcase name="verifyButton" time="0.144" classname="SignIn.FlockSignIn"/>
  <testcase name="otpErrorMessage" time="2.340" classname="SignIn.FlockSignIn"/>
  <testcase name="otpErrorMessage" time="2.628" classname="SignIn.FlockSignIn"/>
  <testcase name="otpErrorMessage" time="2.441" classname="SignIn.FlockSignIn"/>
  <testcase name="otpErrorMessage" time="2.707" classname="SignIn.FlockSignIn"/>
  <testcase name="otpErrorMessage" time="2.420" classname="SignIn.FlockSignIn"/>
  <testcase name="otpErrorMessage" time="2.363" classname="SignIn.FlockSignIn"/>
  <testcase name="otpErrorMessage1" time="2.447" classname="SignIn.FlockSignIn"/>
  <testcase name="otpErrorMessage1" time="2.387" classname="SignIn.FlockSignIn"/>
  <testcase name="enterOTP" time="0.179" classname="SignIn.FlockSignIn"/>
  <testcase name="enterOTP" time="0.173" classname="SignIn.FlockSignIn"/>
</testsuite> <!-- SignIn.FlockSignIn -->
