<?xml version="1.0" encoding="UTF-8"?>
<!-- Generated by org.testng.reporters.JUnitReportReporter -->
<testsuite skipped="0" hostname="MDVLFARZANS" name="SignIn.FlockSignIn" tests="29" failures="0" timestamp="14 Jun 2017 11:29:03 GMT" time="39.955" errors="0">
  <testcase name="windowTitle" time="0.209" classname="SignIn.FlockSignIn"/>
  <testcase name="Heading" time="0.680" classname="SignIn.FlockSignIn"/>
  <testcase name="contactSupport" time="17.596" classname="SignIn.FlockSignIn"/>
  <testcase name="subHeading" time="0.315" classname="SignIn.FlockSignIn"/>
  <testcase name="emailPlaceHolder" time="0.267" classname="SignIn.FlockSignIn"/>
  <testcase name="submitButton" time="0.352" classname="SignIn.FlockSignIn"/>
  <testcase name="onbaordingSideBar" time="0.089" classname="SignIn.FlockSignIn"/>
  <testcase name="errorMessage" time="0.754" classname="SignIn.FlockSignIn"/>
  <testcase name="errorMessage" time="0.743" classname="SignIn.FlockSignIn"/>
  <testcase name="errorMessage" time="1.207" classname="SignIn.FlockSignIn"/>
  <testcase name="enterEmail" time="0.703" classname="SignIn.FlockSignIn"/>
  <testcase name="googleAuthHeading" time="1.916" classname="SignIn.FlockSignIn"/>
  <testcase name="googleAuthSubHeading" time="0.285" classname="SignIn.FlockSignIn"/>
  <testcase name="googleAuthSkipButton" time="0.265" classname="SignIn.FlockSignIn"/>
  <testcase name="googleAuthButton" time="0.258" classname="SignIn.FlockSignIn"/>
  <testcase name="googleAuthNote" time="0.367" classname="SignIn.FlockSignIn"/>
  <testcase name="clickSkipGoogleAuth" time="0.375" classname="SignIn.FlockSignIn"/>
  <testcase name="otpHeading" time="0.410" classname="SignIn.FlockSignIn"/>
  <testcase name="otpSubHeading" time="0.290" classname="SignIn.FlockSignIn"/>
  <testcase name="otpPlaceHolder" time="0.193" classname="SignIn.FlockSignIn"/>
  <testcase name="resendOtpText" time="0.314" classname="SignIn.FlockSignIn"/>
  <testcase name="resendOtpHook" time="0.250" classname="SignIn.FlockSignIn"/>
  <testcase name="resendOtpHookClicked" time="0.832" classname="SignIn.FlockSignIn"/>
  <testcase name="verifyButton" time="0.279" classname="SignIn.FlockSignIn"/>
  <testcase name="otpErrorMessage" time="2.532" classname="SignIn.FlockSignIn"/>
  <testcase name="otpErrorMessage" time="2.835" classname="SignIn.FlockSignIn"/>
  <testcase name="otpErrorMessage" time="2.657" classname="SignIn.FlockSignIn"/>
  <testcase name="otpErrorMessage1" time="2.549" classname="SignIn.FlockSignIn"/>
  <testcase name="enterOTP" time="0.433" classname="SignIn.FlockSignIn"/>
</testsuite> <!-- SignIn.FlockSignIn -->
