<?xml version="1.0" encoding="UTF-8"?>
<!-- Generated by org.testng.reporters.JUnitReportReporter -->
<testsuite skipped="0" hostname="MDVLFARZANS" name="SignIn.FlockSignIn" tests="62" failures="0" timestamp="21 Jun 2017 06:59:19 GMT" time="121.205" errors="0">
  <testcase name="windowTitle" time="0.203" classname="SignIn.FlockSignIn"/>
  <testcase name="windowTitle" time="0.244" classname="SignIn.FlockSignIn"/>
  <testcase name="languageSwitcher" time="4.187" classname="SignIn.FlockSignIn"/>
  <testcase name="languageSwitcher" time="0.376" classname="SignIn.FlockSignIn"/>
  <testcase name="Heading" time="0.972" classname="SignIn.FlockSignIn"/>
  <testcase name="Heading" time="4.650" classname="SignIn.FlockSignIn"/>
  <testcase name="contactSupport" time="26.493" classname="SignIn.FlockSignIn"/>
  <testcase name="contactSupport" time="15.933" classname="SignIn.FlockSignIn"/>
  <testcase name="subHeading" time="1.161" classname="SignIn.FlockSignIn"/>
  <testcase name="subHeading" time="0.305" classname="SignIn.FlockSignIn"/>
  <testcase name="emailPlaceHolder" time="0.161" classname="SignIn.FlockSignIn"/>
  <testcase name="emailPlaceHolder" time="0.935" classname="SignIn.FlockSignIn"/>
  <testcase name="loginButton" time="3.362" classname="SignIn.FlockSignIn"/>
  <testcase name="loginButton" time="0.160" classname="SignIn.FlockSignIn"/>
  <testcase name="onbaordingSideBar" time="0.356" classname="SignIn.FlockSignIn"/>
  <testcase name="onbaordingSideBar" time="0.035" classname="SignIn.FlockSignIn"/>
  <testcase name="emailFieldErrorMessage" time="0.493" classname="SignIn.FlockSignIn"/>
  <testcase name="emailFieldErrorMessage" time="0.558" classname="SignIn.FlockSignIn"/>
  <testcase name="emailFieldErrorMessage" time="2.148" classname="SignIn.FlockSignIn"/>
  <testcase name="emailFieldErrorMessage" time="1.268" classname="SignIn.FlockSignIn"/>
  <testcase name="emailFieldErrorMessage" time="0.552" classname="SignIn.FlockSignIn"/>
  <testcase name="emailFieldErrorMessage" time="4.826" classname="SignIn.FlockSignIn"/>
  <testcase name="enterEmail" time="1.143" classname="SignIn.FlockSignIn"/>
  <testcase name="enterEmail" time="0.355" classname="SignIn.FlockSignIn"/>
  <testcase name="googleAuthHeading" time="1.501" classname="SignIn.FlockSignIn"/>
  <testcase name="googleAuthHeading" time="2.131" classname="SignIn.FlockSignIn"/>
  <testcase name="googleAuthSkipButton" time="0.246" classname="SignIn.FlockSignIn"/>
  <testcase name="googleAuthSkipButton" time="0.866" classname="SignIn.FlockSignIn"/>
  <testcase name="googleAuthButton" time="0.372" classname="SignIn.FlockSignIn"/>
  <testcase name="googleAuthButton" time="0.181" classname="SignIn.FlockSignIn"/>
  <testcase name="googleAuthSubHeading" time="0.324" classname="SignIn.FlockSignIn"/>
  <testcase name="googleAuthSubHeading" time="0.234" classname="SignIn.FlockSignIn"/>
  <testcase name="googleAuthNote" time="0.205" classname="SignIn.FlockSignIn"/>
  <testcase name="googleAuthNote" time="0.418" classname="SignIn.FlockSignIn"/>
  <testcase name="clickSkipGoogleAuth" time="0.315" classname="SignIn.FlockSignIn"/>
  <testcase name="clickSkipGoogleAuth" time="1.747" classname="SignIn.FlockSignIn"/>
  <testcase name="otpHeading" time="0.498" classname="SignIn.FlockSignIn"/>
  <testcase name="otpHeading" time="0.449" classname="SignIn.FlockSignIn"/>
  <testcase name="otpSubHeading" time="0.173" classname="SignIn.FlockSignIn"/>
  <testcase name="otpSubHeading" time="1.428" classname="SignIn.FlockSignIn"/>
  <testcase name="otpPlaceHolder" time="0.420" classname="SignIn.FlockSignIn"/>
  <testcase name="otpPlaceHolder" time="0.133" classname="SignIn.FlockSignIn"/>
  <testcase name="resendOtpText" time="0.111" classname="SignIn.FlockSignIn"/>
  <testcase name="resendOtpText" time="0.440" classname="SignIn.FlockSignIn"/>
  <testcase name="resendOtpHook" time="0.119" classname="SignIn.FlockSignIn"/>
  <testcase name="resendOtpHook" time="0.311" classname="SignIn.FlockSignIn"/>
  <testcase name="resendOtpHookClicked" time="1.724" classname="SignIn.FlockSignIn"/>
  <testcase name="resendOtpHookClicked" time="0.286" classname="SignIn.FlockSignIn"/>
  <testcase name="verifyButton" time="0.207" classname="SignIn.FlockSignIn"/>
  <testcase name="checkEditButton" time="6.451" classname="SignIn.FlockSignIn"/>
  <testcase name="verifyButton" time="0.158" classname="SignIn.FlockSignIn"/>
  <testcase name="checkEditButton" time="7.204" classname="SignIn.FlockSignIn"/>
  <testcase name="otpErrorMessage" time="2.598" classname="SignIn.FlockSignIn"/>
  <testcase name="otpErrorMessage" time="2.848" classname="SignIn.FlockSignIn"/>
  <testcase name="otpErrorMessage" time="2.536" classname="SignIn.FlockSignIn"/>
  <testcase name="otpErrorMessage" time="2.870" classname="SignIn.FlockSignIn"/>
  <testcase name="otpErrorMessage" time="2.461" classname="SignIn.FlockSignIn"/>
  <testcase name="otpErrorMessage" time="2.479" classname="SignIn.FlockSignIn"/>
  <testcase name="otpErrorMessage1" time="2.702" classname="SignIn.FlockSignIn"/>
  <testcase name="otpErrorMessage1" time="2.538" classname="SignIn.FlockSignIn"/>
  <testcase name="enterOTP" time="0.358" classname="SignIn.FlockSignIn"/>
  <testcase name="enterOTP" time="0.287" classname="SignIn.FlockSignIn"/>
</testsuite> <!-- SignIn.FlockSignIn -->
